# JRE version: OpenJDK Runtime Environment GraalVM CE 22.3.0 (17.0.5+8) (build 17.0.5+8-jvmci-22.3-b08)
# Java VM: OpenJDK 64-Bit Server VM GraalVM CE 22.3.0 (17.0.5+8-jvmci-22.3-b08, mixed mode, sharing, tiered, jvmci, jvmci compiler, compressed oops, compressed class ptrs, parallel gc, linux-amd64)
GC Precious Log:
 CPUs: 8 total, 1 available
 Memory: 1024M
 Large Page Support: Disabled
 NUMA Support: Disabled
 Compressed Oops: Enabled (32-bit)
 Alignments: Space 512K, Generation 512K, Heap 2M
 Heap Min Capacity: 100M
 Heap Initial Capacity: 100M
 Heap Max Capacity: 512M
 Pre-touch: Disabled
 Parallel Workers: 1
Heap:
 PSYoungGen      total 70656K, used 46079K [0x00000000f5580000, 0x00000000fb800000, 0x0000000100000000)
  eden space 46080K, 99% used [0x00000000f5580000,0x00000000f827fff8,0x00000000f8280000)
  from space 24576K, 0% used [0x00000000fa000000,0x00000000fa000000,0x00000000fb800000)
  to   space 19456K, 0% used [0x00000000f8280000,0x00000000f8280000,0x00000000f9580000)
 ParOldGen       total 349696K, used 349694K [0x00000000e0000000, 0x00000000f5580000, 0x00000000f5580000)
  object space 349696K, 99% used [0x00000000e0000000,0x00000000f557fa68,0x00000000f5580000)
 Metaspace       used 48740K, committed 49728K, reserved 1097728K
  class space    used 4797K, committed 5184K, reserved 1048576K
GC Heap History (20 events):
Event: 2756.182 GC heap before
{Heap before GC invocations=904 (full 839):
 PSYoungGen      total 70656K, used 46080K [0x00000000f5580000, 0x00000000fb800000, 0x0000000100000000)
  eden space 46080K, 100% used [0x00000000f5580000,0x00000000f8280000,0x00000000f8280000)
  from space 24576K, 0% used [0x00000000fa000000,0x00000000fa000000,0x00000000fb800000)
  to   space 19456K, 0% used [0x00000000f8280000,0x00000000f8280000,0x00000000f9580000)
 ParOldGen       total 349696K, used 349693K [0x00000000e0000000, 0x00000000f5580000, 0x00000000f5580000)
  object space 349696K, 99% used [0x00000000e0000000,0x00000000f557f708,0x00000000f5580000)
 Metaspace       used 48736K, committed 49728K, reserved 1097728K
  class space    used 4796K, committed 5184K, reserved 1048576K
}
Event: 2757.874 GC heap after
{Heap after GC invocations=904 (full 839):
 PSYoungGen      total 65536K, used 46077K [0x00000000f5580000, 0x00000000fb800000, 0x0000000100000000)
  eden space 46080K, 99% used [0x00000000f5580000,0x00000000f827f5d0,0x00000000f8280000)
  from space 19456K, 0% used [0x00000000f8280000,0x00000000f8280000,0x00000000f9580000)
  to   space 24576K, 0% used [0x00000000fa000000,0x00000000fa000000,0x00000000fb800000)
 ParOldGen       total 349696K, used 349693K [0x00000000e0000000, 0x00000000f5580000, 0x00000000f5580000)
  object space 349696K, 99% used [0x00000000e0000000,0x00000000f557f708,0x00000000f5580000)
 Metaspace       used 48736K, committed 49728K, reserved 1097728K
  class space    used 4796K, committed 5184K, reserved 1048576K
}
Event: 2757.875 GC heap before
{Heap before GC invocations=905 (full 840):
 PSYoungGen      total 65536K, used 46080K [0x00000000f5580000, 0x00000000fb800000, 0x0000000100000000)
  eden space 46080K, 100% used [0x00000000f5580000,0x00000000f8280000,0x00000000f8280000)
  from space 19456K, 0% used [0x00000000f8280000,0x00000000f8280000,0x00000000f9580000)
  to   space 24576K, 0% used [0x00000000fa000000,0x00000000fa000000,0x00000000fb800000)
 ParOldGen       total 349696K, used 349693K [0x00000000e0000000, 0x00000000f5580000, 0x00000000f5580000)
  object space 349696K, 99% used [0x00000000e0000000,0x00000000f557f708,0x00000000f5580000)
 Metaspace       used 48737K, committed 49728K, reserved 1097728K
  class space    used 4796K, committed 5184K, reserved 1048576K
}
Event: 2759.392 GC heap after
{Heap after GC invocations=905 (full 840):
 PSYoungGen      total 70656K, used 46077K [0x00000000f5580000, 0x00000000fb800000, 0x0000000100000000)
  eden space 46080K, 99% used [0x00000000f5580000,0x00000000f827f658,0x00000000f8280000)
  from space 24576K, 0% used [0x00000000fa000000,0x00000000fa000000,0x00000000fb800000)
  to   space 19456K, 0% used [0x00000000f8280000,0x00000000f8280000,0x00000000f9580000)
 ParOldGen       total 349696K, used 349693K [0x00000000e0000000, 0x00000000f5580000, 0x00000000f5580000)
  object space 349696K, 99% used [0x00000000e0000000,0x00000000f557f6f8,0x00000000f5580000)
 Metaspace       used 48737K, committed 49728K, reserved 1097728K
  class space    used 4796K, committed 5184K, reserved 1048576K
}
Event: 2759.393 GC heap before
{Heap before GC invocations=906 (full 841):
 PSYoungGen      total 70656K, used 46080K [0x00000000f5580000, 0x00000000fb800000, 0x0000000100000000)
  eden space 46080K, 100% used [0x00000000f5580000,0x00000000f8280000,0x00000000f8280000)
  from space 24576K, 0% used [0x00000000fa000000,0x00000000fa000000,0x00000000fb800000)
  to   space 19456K, 0% used [0x00000000f8280000,0x00000000f8280000,0x00000000f9580000)
 ParOldGen       total 349696K, used 349693K [0x00000000e0000000, 0x00000000f5580000, 0x00000000f5580000)
  object space 349696K, 99% used [0x00000000e0000000,0x00000000f557f6f8,0x00000000f5580000)
 Metaspace       used 48737K, committed 49728K, reserved 1097728K
  class space    used 4796K, committed 5184K, reserved 1048576K
}
Event: 2760.983 GC heap after
{Heap after GC invocations=906 (full 841):
 PSYoungGen      total 65536K, used 46077K [0x00000000f5580000, 0x00000000fb800000, 0x0000000100000000)
  eden space 46080K, 99% used [0x00000000f5580000,0x00000000f827f6c8,0x00000000f8280000)
  from space 19456K, 0% used [0x00000000f8280000,0x00000000f8280000,0x00000000f9580000)
  to   space 24576K, 0% used [0x00000000fa000000,0x00000000fa000000,0x00000000fb800000)
 ParOldGen       total 349696K, used 349693K [0x00000000e0000000, 0x00000000f5580000, 0x00000000f5580000)
  object space 349696K, 99% used [0x00000000e0000000,0x00000000f557f6f8,0x00000000f5580000)
 Metaspace       used 48737K, committed 49728K, reserved 1097728K
  class space    used 4796K, committed 5184K, reserved 1048576K
}
Event: 2760.984 GC heap before
{Heap before GC invocations=907 (full 842):
 PSYoungGen      total 65536K, used 46080K [0x00000000f5580000, 0x00000000fb800000, 0x0000000100000000)
  eden space 46080K, 100% used [0x00000000f5580000,0x00000000f8280000,0x00000000f8280000)
  from space 19456K, 0% used [0x00000000f8280000,0x00000000f8280000,0x00000000f9580000)
  to   space 24576K, 0% used [0x00000000fa000000,0x00000000fa000000,0x00000000fb800000)
 ParOldGen       total 349696K, used 349693K [0x00000000e0000000, 0x00000000f5580000, 0x00000000f5580000)
  object space 349696K, 99% used [0x00000000e0000000,0x00000000f557f6f8,0x00000000f5580000)
 Metaspace       used 48740K, committed 49728K, reserved 1097728K
  class space    used 4797K, committed 5184K, reserved 1048576K
}
Event: 2762.362 GC heap after
{Heap after GC invocations=907 (full 842):
 PSYoungGen      total 70656K, used 46079K [0x00000000f5580000, 0x00000000fb800000, 0x0000000100000000)
  eden space 46080K, 99% used [0x00000000f5580000,0x00000000f827fc10,0x00000000f8280000)
  from space 24576K, 0% used [0x00000000fa000000,0x00000000fa000000,0x00000000fb800000)
  to   space 19456K, 0% used [0x00000000f8280000,0x00000000f8280000,0x00000000f9580000)
 ParOldGen       total 349696K, used 349693K [0x00000000e0000000, 0x00000000f5580000, 0x00000000f5580000)
  object space 349696K, 99% used [0x00000000e0000000,0x00000000f557f6e0,0x00000000f5580000)
 Metaspace       used 48740K, committed 49728K, reserved 1097728K
  class space    used 4797K, committed 5184K, reserved 1048576K
}
Event: 2762.363 GC heap before
{Heap before GC invocations=908 (full 843):
 PSYoungGen      total 70656K, used 46079K [0x00000000f5580000, 0x00000000fb800000, 0x0000000100000000)
  eden space 46080K, 99% used [0x00000000f5580000,0x00000000f827fff8,0x00000000f8280000)
  from space 24576K, 0% used [0x00000000fa000000,0x00000000fa000000,0x00000000fb800000)
  to   space 19456K, 0% used [0x00000000f8280000,0x00000000f8280000,0x00000000f9580000)
 ParOldGen       total 349696K, used 349693K [0x00000000e0000000, 0x00000000f5580000, 0x00000000f5580000)
  object space 349696K, 99% used [0x00000000e0000000,0x00000000f557f6e0,0x00000000f5580000)
 Metaspace       used 48740K, committed 49728K, reserved 1097728K
  class space    used 4797K, committed 5184K, reserved 1048576K
}
Event: 2763.874 GC heap after
{Heap after GC invocations=908 (full 843):
 PSYoungGen      total 65536K, used 46079K [0x00000000f5580000, 0x00000000fb800000, 0x0000000100000000)
  eden space 46080K, 99% used [0x00000000f5580000,0x00000000f827fe48,0x00000000f8280000)
  from space 19456K, 0% used [0x00000000f8280000,0x00000000f8280000,0x00000000f9580000)
  to   space 24576K, 0% used [0x00000000fa000000,0x00000000fa000000,0x00000000fb800000)
 ParOldGen       total 349696K, used 349693K [0x00000000e0000000, 0x00000000f5580000, 0x00000000f5580000)
  object space 349696K, 99% used [0x00000000e0000000,0x00000000f557f6e0,0x00000000f5580000)
 Metaspace       used 48740K, committed 49728K, reserved 1097728K
  class space    used 4797K, committed 5184K, reserved 1048576K
}
Event: 2763.874 GC heap before
{Heap before GC invocations=909 (full 844):
 PSYoungGen      total 65536K, used 46079K [0x00000000f5580000, 0x00000000fb800000, 0x0000000100000000)
  eden space 46080K, 99% used [0x00000000f5580000,0x00000000f827ffd0,0x00000000f8280000)
  from space 19456K, 0% used [0x00000000f8280000,0x00000000f8280000,0x00000000f9580000)
  to   space 24576K, 0% used [0x00000000fa000000,0x00000000fa000000,0x00000000fb800000)
 ParOldGen       total 349696K, used 349693K [0x00000000e0000000, 0x00000000f5580000, 0x00000000f5580000)
  object space 349696K, 99% used [0x00000000e0000000,0x00000000f557f6e0,0x00000000f5580000)
 Metaspace       used 48740K, committed 49728K, reserved 1097728K
  class space    used 4797K, committed 5184K, reserved 1048576K
}
Event: 2765.395 GC heap after
{Heap after GC invocations=909 (full 844):
 PSYoungGen      total 70656K, used 46079K [0x00000000f5580000, 0x00000000fb800000, 0x0000000100000000)
  eden space 46080K, 99% used [0x00000000f5580000,0x00000000f827ff88,0x00000000f8280000)
  from space 24576K, 0% used [0x00000000fa000000,0x00000000fa000000,0x00000000fb800000)
  to   space 19456K, 0% used [0x00000000f8280000,0x00000000f8280000,0x00000000f9580000)
 ParOldGen       total 349696K, used 349693K [0x00000000e0000000, 0x00000000f5580000, 0x00000000f5580000)
  object space 349696K, 99% used [0x00000000e0000000,0x00000000f557f6e0,0x00000000f5580000)
 Metaspace       used 48740K, committed 49728K, reserved 1097728K
  class space    used 4797K, committed 5184K, reserved 1048576K
}
Event: 2765.395 GC heap before
{Heap before GC invocations=910 (full 845):
 PSYoungGen      total 70656K, used 46079K [0x00000000f5580000, 0x00000000fb800000, 0x0000000100000000)
  eden space 46080K, 99% used [0x00000000f5580000,0x00000000f827fff0,0x00000000f8280000)
  from space 24576K, 0% used [0x00000000fa000000,0x00000000fa000000,0x00000000fb800000)
  to   space 19456K, 0% used [0x00000000f8280000,0x00000000f8280000,0x00000000f9580000)
 ParOldGen       total 349696K, used 349693K [0x00000000e0000000, 0x00000000f5580000, 0x00000000f5580000)
  object space 349696K, 99% used [0x00000000e0000000,0x00000000f557f6e0,0x00000000f5580000)
 Metaspace       used 48740K, committed 49728K, reserved 1097728K
  class space    used 4797K, committed 5184K, reserved 1048576K
}
Event: 2766.884 GC heap after
{Heap after GC invocations=910 (full 845):
 PSYoungGen      total 65536K, used 46079K [0x00000000f5580000, 0x00000000fb800000, 0x0000000100000000)
  eden space 46080K, 99% used [0x00000000f5580000,0x00000000f827ffc0,0x00000000f8280000)
  from space 19456K, 0% used [0x00000000f8280000,0x00000000f8280000,0x00000000f9580000)
  to   space 24576K, 0% used [0x00000000fa000000,0x00000000fa000000,0x00000000fb800000)
 ParOldGen       total 349696K, used 349693K [0x00000000e0000000, 0x00000000f5580000, 0x00000000f5580000)
  object space 349696K, 99% used [0x00000000e0000000,0x00000000f557f6e0,0x00000000f5580000)
 Metaspace       used 48740K, committed 49728K, reserved 1097728K
  class space    used 4797K, committed 5184K, reserved 1048576K
}
Event: 2766.884 GC heap before
{Heap before GC invocations=911 (full 846):
 PSYoungGen      total 65536K, used 46079K [0x00000000f5580000, 0x00000000fb800000, 0x0000000100000000)
  eden space 46080K, 99% used [0x00000000f5580000,0x00000000f827fff0,0x00000000f8280000)
  from space 19456K, 0% used [0x00000000f8280000,0x00000000f8280000,0x00000000f9580000)
  to   space 24576K, 0% used [0x00000000fa000000,0x00000000fa000000,0x00000000fb800000)
 ParOldGen       total 349696K, used 349693K [0x00000000e0000000, 0x00000000f5580000, 0x00000000f5580000)
  object space 349696K, 99% used [0x00000000e0000000,0x00000000f557f6e0,0x00000000f5580000)
 Metaspace       used 48740K, committed 49728K, reserved 1097728K
  class space    used 4797K, committed 5184K, reserved 1048576K
}
Event: 2768.283 GC heap after
{Heap after GC invocations=911 (full 846):
 PSYoungGen      total 70656K, used 46079K [0x00000000f5580000, 0x00000000fb800000, 0x0000000100000000)
  eden space 46080K, 99% used [0x00000000f5580000,0x00000000f827fff0,0x00000000f8280000)
  from space 24576K, 0% used [0x00000000fa000000,0x00000000fa000000,0x00000000fb800000)
  to   space 19456K, 0% used [0x00000000f8280000,0x00000000f8280000,0x00000000f9580000)
 ParOldGen       total 349696K, used 349693K [0x00000000e0000000, 0x00000000f5580000, 0x00000000f5580000)
  object space 349696K, 99% used [0x00000000e0000000,0x00000000f557f6e0,0x00000000f5580000)
 Metaspace       used 48740K, committed 49728K, reserved 1097728K
  class space    used 4797K, committed 5184K, reserved 1048576K
}
Event: 2768.284 GC heap before
{Heap before GC invocations=912 (full 847):
 PSYoungGen      total 70656K, used 46079K [0x00000000f5580000, 0x00000000fb800000, 0x0000000100000000)
  eden space 46080K, 99% used [0x00000000f5580000,0x00000000f827fff0,0x00000000f8280000)
  from space 24576K, 0% used [0x00000000fa000000,0x00000000fa000000,0x00000000fb800000)
  to   space 19456K, 0% used [0x00000000f8280000,0x00000000f8280000,0x00000000f9580000)
 ParOldGen       total 349696K, used 349695K [0x00000000e0000000, 0x00000000f5580000, 0x00000000f5580000)
  object space 349696K, 99% used [0x00000000e0000000,0x00000000f557fe00,0x00000000f5580000)
 Metaspace       used 48740K, committed 49728K, reserved 1097728K
  class space    used 4797K, committed 5184K, reserved 1048576K
}
Event: 2769.788 GC heap after
{Heap after GC invocations=912 (full 847):
 PSYoungGen      total 65536K, used 46079K [0x00000000f5580000, 0x00000000fb800000, 0x0000000100000000)
  eden space 46080K, 99% used [0x00000000f5580000,0x00000000f827fc98,0x00000000f8280000)
  from space 19456K, 0% used [0x00000000f8280000,0x00000000f8280000,0x00000000f9580000)
  to   space 24576K, 0% used [0x00000000fa000000,0x00000000fa000000,0x00000000fb800000)
 ParOldGen       total 349696K, used 349694K [0x00000000e0000000, 0x00000000f5580000, 0x00000000f5580000)
  object space 349696K, 99% used [0x00000000e0000000,0x00000000f557f9c8,0x00000000f5580000)
 Metaspace       used 48740K, committed 49728K, reserved 1097728K
  class space    used 4797K, committed 5184K, reserved 1048576K
}
Event: 2769.788 GC heap before
{Heap before GC invocations=913 (full 848):
 PSYoungGen      total 65536K, used 46079K [0x00000000f5580000, 0x00000000fb800000, 0x0000000100000000)
  eden space 46080K, 99% used [0x00000000f5580000,0x00000000f827fc98,0x00000000f8280000)
  from space 19456K, 0% used [0x00000000f8280000,0x00000000f8280000,0x00000000f9580000)
  to   space 24576K, 0% used [0x00000000fa000000,0x00000000fa000000,0x00000000fb800000)
 ParOldGen       total 349696K, used 349694K [0x00000000e0000000, 0x00000000f5580000, 0x00000000f5580000)
  object space 349696K, 99% used [0x00000000e0000000,0x00000000f557f9c8,0x00000000f5580000)
 Metaspace       used 48740K, committed 49728K, reserved 1097728K
  class space    used 4797K, committed 5184K, reserved 1048576K
}
Event: 2771.307 GC heap after
{Heap after GC invocations=913 (full 848):
 PSYoungGen      total 70656K, used 46079K [0x00000000f5580000, 0x00000000fb800000, 0x0000000100000000)
  eden space 46080K, 99% used [0x00000000f5580000,0x00000000f827fc98,0x00000000f8280000)
  from space 24576K, 0% used [0x00000000fa000000,0x00000000fa000000,0x00000000fb800000)
  to   space 19456K, 0% used [0x00000000f8280000,0x00000000f8280000,0x00000000f9580000)
 ParOldGen       total 349696K, used 349694K [0x00000000e0000000, 0x00000000f5580000, 0x00000000f5580000)
  object space 349696K, 99% used [0x00000000e0000000,0x00000000f557f8e8,0x00000000f5580000)
 Metaspace       used 48740K, committed 49728K, reserved 1097728K
  class space    used 4797K, committed 5184K, reserved 1048576K
}

